Using pre-set license
Built from '2022.3/staging' branch; Version is '2022.3.4f1 (35713cd46cd7) revision 3502396'; Using compiler version '192829333'; Build Type 'Release'
OS: 'Windows 11  (10.0.22631) 64bit Professional' Language: 'ko' Physical Memory: 16310 MB
BatchMode: 1, IsHumanControllingUs: 0, StartBugReporterOnCrash: 0, Is64bit: 1, IsPro: 1

COMMAND LINE ARGUMENTS:
D:\unity\Unity 2022.3.4f1\Editor\Unity.exe
-adb2
-batchMode
-noUpm
-name
AssetImportWorker2
-projectPath
D:/unity/3D/3D_Modeling
-logFile
Logs/AssetImportWorker2.log
-srvPort
2649
Successfully changed project path to: D:/unity/3D/3D_Modeling
D:/unity/3D/3D_Modeling
[UnityMemory] Configuration Parameters - Can be set up in boot.config
    "memorysetup-bucket-allocator-granularity=16"
    "memorysetup-bucket-allocator-bucket-count=8"
    "memorysetup-bucket-allocator-block-size=33554432"
    "memorysetup-bucket-allocator-block-count=8"
    "memorysetup-main-allocator-block-size=16777216"
    "memorysetup-thread-allocator-block-size=16777216"
    "memorysetup-gfx-main-allocator-block-size=16777216"
    "memorysetup-gfx-thread-allocator-block-size=16777216"
    "memorysetup-cache-allocator-block-size=4194304"
    "memorysetup-typetree-allocator-block-size=2097152"
    "memorysetup-profiler-bucket-allocator-granularity=16"
    "memorysetup-profiler-bucket-allocator-bucket-count=8"
    "memorysetup-profiler-bucket-allocator-block-size=33554432"
    "memorysetup-profiler-bucket-allocator-block-count=8"
    "memorysetup-profiler-allocator-block-size=16777216"
    "memorysetup-profiler-editor-allocator-block-size=1048576"
    "memorysetup-temp-allocator-size-main=16777216"
    "memorysetup-job-temp-allocator-block-size=2097152"
    "memorysetup-job-temp-allocator-block-size-background=1048576"
    "memorysetup-job-temp-allocator-reduction-small-platforms=262144"
    "memorysetup-allocator-temp-initial-block-size-main=262144"
    "memorysetup-allocator-temp-initial-block-size-worker=262144"
    "memorysetup-temp-allocator-size-background-worker=32768"
    "memorysetup-temp-allocator-size-job-worker=262144"
    "memorysetup-temp-allocator-size-preload-manager=33554432"
    "memorysetup-temp-allocator-size-nav-mesh-worker=65536"
    "memorysetup-temp-allocator-size-audio-worker=65536"
    "memorysetup-temp-allocator-size-cloud-worker=32768"
    "memorysetup-temp-allocator-size-gi-baking-worker=262144"
    "memorysetup-temp-allocator-size-gfx=262144"
Player connection [27052] Host "[IP] 192.168.0.20 [Port] 0 [Flags] 2 [Guid] 825269280 [EditorId] 825269280 [Version] 1048832 [Id] WindowsEditor(7,DESKTOP-KDK1LL6) [Debug] 1 [PackageName] WindowsEditor [ProjectName] Editor" joined multi-casting on [225.0.0.222:54997]...

Player connection [27052] Host "[IP] 192.168.0.20 [Port] 0 [Flags] 2 [Guid] 825269280 [EditorId] 825269280 [Version] 1048832 [Id] WindowsEditor(7,DESKTOP-KDK1LL6) [Debug] 1 [PackageName] WindowsEditor [ProjectName] Editor" joined alternative multi-casting on [225.0.0.222:34997]...

Refreshing native plugins compatible for Editor in 5.76 ms, found 3 plugins.
Preloading 0 native plugins for Editor in 0.00 ms.
Initialize engine version: 2022.3.4f1 (35713cd46cd7)
[Subsystems] Discovering subsystems at path D:/unity/Unity 2022.3.4f1/Editor/Data/Resources/UnitySubsystems
[Subsystems] Discovering subsystems at path D:/unity/3D/3D_Modeling/Assets
GfxDevice: creating device client; threaded=0; jobified=0
Direct3D:
    Version:  Direct3D 11.0 [level 11.1]
    Renderer: AMD Radeon RX 6600 (ID=0x73ff)
    Vendor:   ATI
    VRAM:     8147 MB
    Driver:   32.0.11027.1003
Initialize mono
Mono path[0] = 'D:/unity/Unity 2022.3.4f1/Editor/Data/Managed'
Mono path[1] = 'D:/unity/Unity 2022.3.4f1/Editor/Data/MonoBleedingEdge/lib/mono/unityjit-win32'
Mono config path = 'D:/unity/Unity 2022.3.4f1/Editor/Data/MonoBleedingEdge/etc'
Using monoOptions --debugger-agent=transport=dt_socket,embedding=1,server=y,suspend=n,address=127.0.0.1:56508
Begin MonoManager ReloadAssembly
Registering precompiled unity dll's ...
Register platform support module: D:/unity/Unity 2022.3.4f1/Editor/Data/PlaybackEngines/WindowsStandaloneSupport/UnityEditor.WindowsStandalone.Extensions.dll
Registered in 0.002393 seconds.
- Loaded All Assemblies, in  0.235 seconds
Native extension for WindowsStandalone target not found
Mono: successfully reloaded assembly
- Finished resetting the current domain, in  0.207 seconds
Domain Reload Profiling: 442ms
	BeginReloadAssembly (59ms)
		ExecutionOrderSort (0ms)
		DisableScriptedObjects (0ms)
		BackupInstance (0ms)
		ReleaseScriptingObjects (0ms)
		CreateAndSetChildDomain (1ms)
	RebuildCommonClasses (25ms)
	RebuildNativeTypeToScriptingClass (8ms)
	initialDomainReloadingComplete (40ms)
	LoadAllAssembliesAndSetupDomain (104ms)
		LoadAssemblies (58ms)
		RebuildTransferFunctionScriptingTraits (0ms)
		AnalyzeDomain (102ms)
			TypeCache.Refresh (101ms)
				TypeCache.ScanAssembly (93ms)
			ScanForSourceGeneratedMonoScriptInfo (0ms)
			ResolveRequiredComponents (0ms)
	FinalizeReload (207ms)
		ReleaseScriptCaches (0ms)
		RebuildScriptCaches (0ms)
		SetupLoadedEditorAssemblies (163ms)
			LogAssemblyErrors (0ms)
			InitializePlatformSupportModulesInManaged (6ms)
			SetLoadedEditorAssemblies (6ms)
			RefreshPlugins (0ms)
			BeforeProcessingInitializeOnLoad (2ms)
			ProcessInitializeOnLoadAttributes (111ms)
			ProcessInitializeOnLoadMethodAttributes (38ms)
			AfterProcessingInitializeOnLoad (0ms)
			EditorAssembliesLoaded (0ms)
		ExecutionOrderSort2 (0ms)
		AwakeInstancesAfterBackupRestoration (0ms)
========================================================================
Worker process is ready to serve import requests
Begin MonoManager ReloadAssembly
Symbol file LoadedFromMemory doesn't match image D:\unity\3D\3D_Modeling\Library\PackageCache\com.unity.visualscripting@1.8.0\Editor\VisualScripting.Core\Dependencies\YamlDotNet\Unity.VisualScripting.YamlDotNet.dll
Symbol file LoadedFromMemory doesn't match image D:\unity\3D\3D_Modeling\Library\PackageCache\com.unity.visualscripting@1.8.0\Editor\VisualScripting.Core\Dependencies\DotNetZip\Unity.VisualScripting.IonicZip.dll
- Loaded All Assemblies, in  0.473 seconds
Refreshing native plugins compatible for Editor in 1.54 ms, found 3 plugins.
Native extension for WindowsStandalone target not found
[ScriptCompilation] NOT recompiling all scripts because this is an import worker process. Reason to compile was: Define symbols changed
Mono: successfully reloaded assembly
- Finished resetting the current domain, in  0.486 seconds
Domain Reload Profiling: 960ms
	BeginReloadAssembly (93ms)
		ExecutionOrderSort (0ms)
		DisableScriptedObjects (4ms)
		BackupInstance (0ms)
		ReleaseScriptingObjects (0ms)
		CreateAndSetChildDomain (18ms)
	RebuildCommonClasses (24ms)
	RebuildNativeTypeToScriptingClass (7ms)
	initialDomainReloadingComplete (28ms)
	LoadAllAssembliesAndSetupDomain (321ms)
		LoadAssemblies (155ms)
		RebuildTransferFunctionScriptingTraits (0ms)
		AnalyzeDomain (210ms)
			TypeCache.Refresh (189ms)
				TypeCache.ScanAssembly (180ms)
			ScanForSourceGeneratedMonoScriptInfo (13ms)
			ResolveRequiredComponents (7ms)
	FinalizeReload (487ms)
		ReleaseScriptCaches (0ms)
		RebuildScriptCaches (0ms)
		SetupLoadedEditorAssemblies (353ms)
			LogAssemblyErrors (0ms)
			InitializePlatformSupportModulesInManaged (4ms)
			SetLoadedEditorAssemblies (5ms)
			RefreshPlugins (0ms)
			BeforeProcessingInitializeOnLoad (52ms)
			ProcessInitializeOnLoadAttributes (276ms)
			ProcessInitializeOnLoadMethodAttributes (14ms)
			AfterProcessingInitializeOnLoad (2ms)
			EditorAssembliesLoaded (0ms)
		ExecutionOrderSort2 (0ms)
		AwakeInstancesAfterBackupRestoration (6ms)
Launched and connected shader compiler UnityShaderCompiler.exe after 0.03 seconds
Refreshing native plugins compatible for Editor in 1.47 ms, found 3 plugins.
Preloading 0 native plugins for Editor in 0.00 ms.
Unloading 3223 Unused Serialized files (Serialized files now loaded: 0)
Unloading 41 unused Assets / (1.8 MB). Loaded Objects now: 3675.
Memory consumption went from 130.2 MB to 128.4 MB.
Total: 3.215000 ms (FindLiveObjects: 0.262300 ms CreateObjectMapping: 0.219400 ms MarkObjects: 2.412500 ms  DeleteObjects: 0.319900 ms)

AssetImportParameters requested are different than current active one (requested -> active):
  custom:container-demuxer-ogg: 62fdf1f143b41e24485cea50d1cbac27 -> 
  custom:video-decoder-ogg-theora: a1e56fd34408186e4bbccfd4996cb3dc -> 
  custom:framework-win-MediaFoundation: 216162199b28c13a410421893ffa2e32 -> 
  custom:CustomObjectIndexerAttribute: 756ad292c208cfabdd7b50bc23989ffe -> 
  custom:container-demuxer-webm: 4f35f7cbe854078d1ac9338744f61a02 -> 
  custom:container-muxer-webm: aa71ff27fc2769a1b78a27578f13a17b -> 
  custom:video-decoder-webm-vp8: 9c59270c3fd7afecdb556c50c9e8de78 -> 
  custom:AudioImporter_EditorPlatform: d09bf68614088b80899f8185d706f6e7 -> 
  custom:video-encoder-webm-vp8: eb34c28f22e8b96e1ab97ce403110664 -> 
  custom:audio-decoder-ogg-vorbis: bf7c407c2cedff20999df2af8eb42d56 -> 
  custom:audio-encoder-webm-vorbis: bf7c407c2cedff20999df2af8eb42d56 -> 
========================================================================
Received Import Request.
  Time since last request: 25357.638114 seconds.
  path: Assets/Proxy Games/Stylized Nature Kit Lite/Prefabs/Foliage/Branch
  artifactKey: Guid(1e852b24dc53670408af1b99aaf7f67c) Importer(815301076,1909f56bfc062723c751e8b465ee728b)
Start importing Assets/Proxy Games/Stylized Nature Kit Lite/Prefabs/Foliage/Branch using Guid(1e852b24dc53670408af1b99aaf7f67c) Importer(815301076,1909f56bfc062723c751e8b465ee728b)  -> (artifact id: 'e0bed6711afc4d883f0d7ae97148aac5') in 0.002634 seconds
Number of updated asset objects reloaded before import = 0
Number of asset objects unloaded after import = 0
========================================================================
Received Import Request.
  Time since last request: 0.163267 seconds.
  path: Assets/Proxy Games/Stylized Nature Kit Lite/Prefabs/Foliage/Branch/Branch.prefab
  artifactKey: Guid(362fbd4477668ab4a956faef2e191ccf) Importer(815301076,1909f56bfc062723c751e8b465ee728b)
Start importing Assets/Proxy Games/Stylized Nature Kit Lite/Prefabs/Foliage/Branch/Branch.prefab using Guid(362fbd4477668ab4a956faef2e191ccf) Importer(815301076,1909f56bfc062723c751e8b465ee728b)  -> (artifact id: '022107831f0b88995e454153cd43ee85') in 0.097839 seconds
Number of updated asset objects reloaded before import = 0
Number of asset objects unloaded after import = 28
========================================================================
Received Import Request.
  Time since last request: 1.429702 seconds.
  path: Assets/Proxy Games/Stylized Nature Kit Lite/Prefabs/Foliage/Bush/Bush.prefab
  artifactKey: Guid(3f8eda438d8aeab4d9223c5b53f5ef62) Importer(815301076,1909f56bfc062723c751e8b465ee728b)
Start importing Assets/Proxy Games/Stylized Nature Kit Lite/Prefabs/Foliage/Bush/Bush.prefab using Guid(3f8eda438d8aeab4d9223c5b53f5ef62) Importer(815301076,1909f56bfc062723c751e8b465ee728b)  -> (artifact id: 'f533fe70b887926854502103f47abdd5') in 0.219302 seconds
Number of updated asset objects reloaded before import = 0
Number of asset objects unloaded after import = 28
========================================================================
Received Import Request.
  Time since last request: 4.788519 seconds.
  path: Assets/Proxy Games/Stylized Nature Kit Lite/Prefabs/Foliage/Flower/Flower.prefab
  artifactKey: Guid(43999c511a596754fb989ff074c5955d) Importer(815301076,1909f56bfc062723c751e8b465ee728b)
Start importing Assets/Proxy Games/Stylized Nature Kit Lite/Prefabs/Foliage/Flower/Flower.prefab using Guid(43999c511a596754fb989ff074c5955d) Importer(815301076,1909f56bfc062723c751e8b465ee728b)  -> (artifact id: '780265262630bf47d3ae8ee174a8501f') in 0.012982 seconds
Number of updated asset objects reloaded before import = 0
Number of asset objects unloaded after import = 32
========================================================================
Received Import Request.
  Time since last request: 0.965968 seconds.
  path: Assets/Proxy Games/Stylized Nature Kit Lite/Prefabs/Foliage/Grass/Grass.prefab
  artifactKey: Guid(4db940c31d61ac149801c850fc645d68) Importer(815301076,1909f56bfc062723c751e8b465ee728b)
Start importing Assets/Proxy Games/Stylized Nature Kit Lite/Prefabs/Foliage/Grass/Grass.prefab using Guid(4db940c31d61ac149801c850fc645d68) Importer(815301076,1909f56bfc062723c751e8b465ee728b)  -> (artifact id: 'd9897249e56e44a17732d7ad463f3b36') in 0.012464 seconds
Number of updated asset objects reloaded before import = 0
Number of asset objects unloaded after import = 28
========================================================================
Received Import Request.
  Time since last request: 1.563198 seconds.
  path: Assets/Proxy Games/Stylized Nature Kit Lite/Prefabs/Foliage/Log/Log.prefab
  artifactKey: Guid(4b21e533c871dba4bb5c56ba22947be8) Importer(815301076,1909f56bfc062723c751e8b465ee728b)
Start importing Assets/Proxy Games/Stylized Nature Kit Lite/Prefabs/Foliage/Log/Log.prefab using Guid(4b21e533c871dba4bb5c56ba22947be8) Importer(815301076,1909f56bfc062723c751e8b465ee728b)  -> (artifact id: 'bc35244ab6a75fdd4159dbb5675b72ea') in 0.014259 seconds
Number of updated asset objects reloaded before import = 0
Number of asset objects unloaded after import = 32
========================================================================
Received Import Request.
  Time since last request: 1.855417 seconds.
  path: Assets/Proxy Games/Stylized Nature Kit Lite/Prefabs/Foliage/Mushroom/Mushrooms Patch.prefab
  artifactKey: Guid(d0fa3c49b2c9cd84bb5a644c53ef025e) Importer(815301076,1909f56bfc062723c751e8b465ee728b)
Start importing Assets/Proxy Games/Stylized Nature Kit Lite/Prefabs/Foliage/Mushroom/Mushrooms Patch.prefab using Guid(d0fa3c49b2c9cd84bb5a644c53ef025e) Importer(815301076,1909f56bfc062723c751e8b465ee728b)  -> (artifact id: '81759357980eaa39dab1639a0925b0b4') in 0.012304 seconds
Number of updated asset objects reloaded before import = 0
Number of asset objects unloaded after import = 28
========================================================================
Received Import Request.
  Time since last request: 0.606061 seconds.
  path: Assets/Proxy Games/Stylized Nature Kit Lite/Prefabs/Foliage/Stump/Stump.prefab
  artifactKey: Guid(3aa54be08e092174ab6b689e524fdf44) Importer(815301076,1909f56bfc062723c751e8b465ee728b)
Start importing Assets/Proxy Games/Stylized Nature Kit Lite/Prefabs/Foliage/Stump/Stump.prefab using Guid(3aa54be08e092174ab6b689e524fdf44) Importer(815301076,1909f56bfc062723c751e8b465ee728b)  -> (artifact id: '5e477235f1a6ca3247032cde9484418f') in 0.012819 seconds
Number of updated asset objects reloaded before import = 0
Number of asset objects unloaded after import = 28
========================================================================
Received Import Request.
  Time since last request: 1.202352 seconds.
  path: Assets/Proxy Games/Stylized Nature Kit Lite/Prefabs/Foliage/Trees/Spruce 1.prefab
  artifactKey: Guid(1f9036ec905b920479091aca9ba81305) Importer(815301076,1909f56bfc062723c751e8b465ee728b)
Start importing Assets/Proxy Games/Stylized Nature Kit Lite/Prefabs/Foliage/Trees/Spruce 1.prefab using Guid(1f9036ec905b920479091aca9ba81305) Importer(815301076,1909f56bfc062723c751e8b465ee728b)  -> (artifact id: 'd9093577a7a6e1e9ce16fd20630c295c') in 0.047089 seconds
Number of updated asset objects reloaded before import = 0
Number of asset objects unloaded after import = 30
========================================================================
Received Prepare
Begin MonoManager ReloadAssembly
Symbol file LoadedFromMemory doesn't match image D:\unity\3D\3D_Modeling\Library\PackageCache\com.unity.visualscripting@1.8.0\Editor\VisualScripting.Core\Dependencies\YamlDotNet\Unity.VisualScripting.YamlDotNet.dll
Symbol file LoadedFromMemory doesn't match image D:\unity\3D\3D_Modeling\Library\PackageCache\com.unity.visualscripting@1.8.0\Editor\VisualScripting.Core\Dependencies\DotNetZip\Unity.VisualScripting.IonicZip.dll
- Loaded All Assemblies, in  0.506 seconds
Refreshing native plugins compatible for Editor in 1.92 ms, found 3 plugins.
Native extension for WindowsStandalone target not found
[ScriptCompilation] NOT recompiling all scripts because this is an import worker process. Reason to compile was: Define symbols changed
Mono: successfully reloaded assembly
- Finished resetting the current domain, in  0.775 seconds
Domain Reload Profiling: 1281ms
	BeginReloadAssembly (119ms)
		ExecutionOrderSort (0ms)
		DisableScriptedObjects (4ms)
		BackupInstance (0ms)
		ReleaseScriptingObjects (0ms)
		CreateAndSetChildDomain (38ms)
	RebuildCommonClasses (25ms)
	RebuildNativeTypeToScriptingClass (8ms)
	initialDomainReloadingComplete (20ms)
	LoadAllAssembliesAndSetupDomain (334ms)
		LoadAssemblies (166ms)
		RebuildTransferFunctionScriptingTraits (0ms)
		AnalyzeDomain (216ms)
			TypeCache.Refresh (212ms)
				TypeCache.ScanAssembly (203ms)
			ScanForSourceGeneratedMonoScriptInfo (0ms)
			ResolveRequiredComponents (4ms)
	FinalizeReload (775ms)
		ReleaseScriptCaches (0ms)
		RebuildScriptCaches (0ms)
		SetupLoadedEditorAssemblies (398ms)
			LogAssemblyErrors (0ms)
			InitializePlatformSupportModulesInManaged (4ms)
			SetLoadedEditorAssemblies (4ms)
			RefreshPlugins (0ms)
			BeforeProcessingInitializeOnLoad (57ms)
			ProcessInitializeOnLoadAttributes (311ms)
			ProcessInitializeOnLoadMethodAttributes (20ms)
			AfterProcessingInitializeOnLoad (2ms)
			EditorAssembliesLoaded (0ms)
		ExecutionOrderSort2 (0ms)
		AwakeInstancesAfterBackupRestoration (8ms)
Refreshing native plugins compatible for Editor in 2.09 ms, found 3 plugins.
Preloading 0 native plugins for Editor in 0.00 ms.
Unloading 3188 Unused Serialized files (Serialized files now loaded: 0)
Unloading 32 unused Assets / (1.8 MB). Loaded Objects now: 3686.
Memory consumption went from 127.2 MB to 125.5 MB.
Total: 3.492400 ms (FindLiveObjects: 0.460800 ms CreateObjectMapping: 0.230900 ms MarkObjects: 2.505700 ms  DeleteObjects: 0.294300 ms)

Prepare: number of updated asset objects reloaded= 0
AssetImportParameters requested are different than current active one (requested -> active):
  custom:container-demuxer-ogg: 62fdf1f143b41e24485cea50d1cbac27 -> 
  custom:video-decoder-ogg-theora: a1e56fd34408186e4bbccfd4996cb3dc -> 
  custom:framework-win-MediaFoundation: 216162199b28c13a410421893ffa2e32 -> 
  custom:CustomObjectIndexerAttribute: 756ad292c208cfabdd7b50bc23989ffe -> 
  custom:container-demuxer-webm: 4f35f7cbe854078d1ac9338744f61a02 -> 
  custom:container-muxer-webm: aa71ff27fc2769a1b78a27578f13a17b -> 
  custom:video-decoder-webm-vp8: 9c59270c3fd7afecdb556c50c9e8de78 -> 
  custom:AudioImporter_EditorPlatform: d09bf68614088b80899f8185d706f6e7 -> 
  custom:video-encoder-webm-vp8: eb34c28f22e8b96e1ab97ce403110664 -> 
  custom:audio-decoder-ogg-vorbis: bf7c407c2cedff20999df2af8eb42d56 -> 
  custom:audio-encoder-webm-vorbis: bf7c407c2cedff20999df2af8eb42d56 -> 
========================================================================
Received Import Request.
  Time since last request: 3963.332937 seconds.
  path: Assets/Proxy Games/Stylized Nature Kit Lite/Textures/Bush Leaves.png
  artifactKey: Guid(420d7542564a36c48a1c01d02f377375) Importer(815301076,1909f56bfc062723c751e8b465ee728b)
Start importing Assets/Proxy Games/Stylized Nature Kit Lite/Textures/Bush Leaves.png using Guid(420d7542564a36c48a1c01d02f377375) Importer(815301076,1909f56bfc062723c751e8b465ee728b)  -> (artifact id: 'b5ac873fd9caa407a974a20c04422e43') in 0.053613 seconds
Number of updated asset objects reloaded before import = 0
Number of asset objects unloaded after import = 2
========================================================================
Received Import Request.
  Time since last request: 0.000026 seconds.
  path: Assets/Proxy Games/Stylized Nature Kit Lite/Textures/Terrain Sand.png
  artifactKey: Guid(18767515632688f499ed3ab96d14fe56) Importer(815301076,1909f56bfc062723c751e8b465ee728b)
Start importing Assets/Proxy Games/Stylized Nature Kit Lite/Textures/Terrain Sand.png using Guid(18767515632688f499ed3ab96d14fe56) Importer(815301076,1909f56bfc062723c751e8b465ee728b)  -> (artifact id: '003ac55b8bb9a226ef13b19853780bd3') in 0.013227 seconds
Number of updated asset objects reloaded before import = 0
Number of asset objects unloaded after import = 2
========================================================================
Received Import Request.
  Time since last request: 0.000019 seconds.
  path: Assets/Proxy Games/Stylized Nature Kit Lite/Textures/Spruce Tree Branch.png
  artifactKey: Guid(eb22f6c85fef5a646a1e0561f48d212e) Importer(815301076,1909f56bfc062723c751e8b465ee728b)
Start importing Assets/Proxy Games/Stylized Nature Kit Lite/Textures/Spruce Tree Branch.png using Guid(eb22f6c85fef5a646a1e0561f48d212e) Importer(815301076,1909f56bfc062723c751e8b465ee728b)  -> (artifact id: '4ca3a8687ff8339ae78c5680e2b6f074') in 0.011547 seconds
Number of updated asset objects reloaded before import = 0
Number of asset objects unloaded after import = 2
========================================================================
Received Import Request.
  Time since last request: 0.000015 seconds.
  path: Assets/Proxy Games/Stylized Nature Kit Lite/Textures/Terrain Grass.png
  artifactKey: Guid(51487f115253bea4099917c031e9fc72) Importer(815301076,1909f56bfc062723c751e8b465ee728b)
Start importing Assets/Proxy Games/Stylized Nature Kit Lite/Textures/Terrain Grass.png using Guid(51487f115253bea4099917c031e9fc72) Importer(815301076,1909f56bfc062723c751e8b465ee728b)  -> (artifact id: '92e5437959a3ec353db52806ce855c88') in 0.012315 seconds
Number of updated asset objects reloaded before import = 0
Number of asset objects unloaded after import = 2
========================================================================
Received Import Request.
  Time since last request: 0.000017 seconds.
  path: Assets/Proxy Games/Stylized Nature Kit Lite/Textures/Terrain Rock.png
  artifactKey: Guid(62b86bcfffa0aca4d9d67620fe50727a) Importer(815301076,1909f56bfc062723c751e8b465ee728b)
Start importing Assets/Proxy Games/Stylized Nature Kit Lite/Textures/Terrain Rock.png using Guid(62b86bcfffa0aca4d9d67620fe50727a) Importer(815301076,1909f56bfc062723c751e8b465ee728b)  -> (artifact id: '5d17f23ccbbeb960fb9d5c756542ed49') in 0.012698 seconds
Number of updated asset objects reloaded before import = 0
Number of asset objects unloaded after import = 2
========================================================================
Received Import Request.
  Time since last request: 0.000018 seconds.
  path: Assets/Proxy Games/Stylized Nature Kit Lite/Textures/Flower.png
  artifactKey: Guid(acabc7080beed88498a866b9b521c865) Importer(815301076,1909f56bfc062723c751e8b465ee728b)
Start importing Assets/Proxy Games/Stylized Nature Kit Lite/Textures/Flower.png using Guid(acabc7080beed88498a866b9b521c865) Importer(815301076,1909f56bfc062723c751e8b465ee728b)  -> (artifact id: 'ee09722e12783375b5e44aa42110d8d1') in 0.012415 seconds
Number of updated asset objects reloaded before import = 0
Number of asset objects unloaded after import = 2
========================================================================
Received Import Request.
  Time since last request: 86.237977 seconds.
  path: Assets/Proxy Games/Stylized Nature Kit Lite/Materials/Bush Leaves.mat
  artifactKey: Guid(143c45bbb5ae694479b1566df4a4f9a2) Importer(815301076,1909f56bfc062723c751e8b465ee728b)
Start importing Assets/Proxy Games/Stylized Nature Kit Lite/Materials/Bush Leaves.mat using Guid(143c45bbb5ae694479b1566df4a4f9a2) Importer(815301076,1909f56bfc062723c751e8b465ee728b)  -> (artifact id: 'd26f9006fe73686fb8af9b80a59521e0') in 0.066735 seconds
Number of updated asset objects reloaded before import = 0
Number of asset objects unloaded after import = 2
========================================================================
Received Import Request.
  Time since last request: 0.000018 seconds.
  path: Assets/Proxy Games/Stylized Nature Kit Lite/Materials/Grass.mat
  artifactKey: Guid(9f69fd57086ff5046914a8b32350a1cb) Importer(815301076,1909f56bfc062723c751e8b465ee728b)
Start importing Assets/Proxy Games/Stylized Nature Kit Lite/Materials/Grass.mat using Guid(9f69fd57086ff5046914a8b32350a1cb) Importer(815301076,1909f56bfc062723c751e8b465ee728b)  -> (artifact id: 'd4496b2b6baa9e07d84c294f438697b0') in 0.012610 seconds
Number of updated asset objects reloaded before import = 0
Number of asset objects unloaded after import = 2
========================================================================
Received Import Request.
  Time since last request: 0.000019 seconds.
  path: Assets/Proxy Games/Stylized Nature Kit Lite/Materials/Skybox 2.mat
  artifactKey: Guid(0abb308d27287d24c8430daeffdc8e46) Importer(815301076,1909f56bfc062723c751e8b465ee728b)
Start importing Assets/Proxy Games/Stylized Nature Kit Lite/Materials/Skybox 2.mat using Guid(0abb308d27287d24c8430daeffdc8e46) Importer(815301076,1909f56bfc062723c751e8b465ee728b)  -> (artifact id: 'ac723217c402e2eb42844b9bc6757cdc') in 0.077213 seconds
Number of updated asset objects reloaded before import = 0
Number of asset objects unloaded after import = 2
========================================================================
Received Import Request.
  Time since last request: 0.000020 seconds.
  path: Assets/Proxy Games/Stylized Nature Kit Lite/Materials/Flower Leaf.mat
  artifactKey: Guid(be6a741af13d50f41b8befdd255bf584) Importer(815301076,1909f56bfc062723c751e8b465ee728b)
Start importing Assets/Proxy Games/Stylized Nature Kit Lite/Materials/Flower Leaf.mat using Guid(be6a741af13d50f41b8befdd255bf584) Importer(815301076,1909f56bfc062723c751e8b465ee728b)  -> (artifact id: '6e850f818f99d646f99931ad8922b7eb') in 0.012904 seconds
Number of updated asset objects reloaded before import = 0
Number of asset objects unloaded after import = 2
========================================================================
Received Import Request.
  Time since last request: 12.347019 seconds.
  path: Assets/Proxy Games/Stylized Nature Kit Lite/Misc/FBXImporter.preset
  artifactKey: Guid(5794c11d8c8242443a7de9369a8d88a0) Importer(815301076,1909f56bfc062723c751e8b465ee728b)
Start importing Assets/Proxy Games/Stylized Nature Kit Lite/Misc/FBXImporter.preset using Guid(5794c11d8c8242443a7de9369a8d88a0) Importer(815301076,1909f56bfc062723c751e8b465ee728b)  -> (artifact id: '28ada2694b6dd2425be9b5f62876fc10') in 0.002293 seconds
Number of updated asset objects reloaded before import = 0
Number of asset objects unloaded after import = 1
